<?xml version="1.0" encoding="UTF-8"?>
<testsuites name="Signup_Login_Logout" time="23" tests="3" failures="1" errors="0">
   <testsuite name="Signup_Login_Logout" tests="3" failures="1" errors="0" time="23" timestamp="2019-03-06 14:52:54" hostname="Administrator - Asha.jmangroup.com" id="Test Suites/Signup_Login_Logout">
      <properties>
         <property name="deviceName" value=""/>
         <property name="devicePlatform" value=""/>
         <property name="logFolder" value="C:\\Users\\Administrator\\Katalon Studio\\RealApp\\Reports\\Signup_Login_Logout\\20190306_145252"/>
         <property name="logFiles" value="C:\\Users\\Administrator\\Katalon Studio\\RealApp\\Reports\\Signup_Login_Logout\\20190306_145252\\execution0.log"/>
         <property name="attachments" value="C:\\Users\\Administrator\\Katalon Studio\\RealApp\\Reports\\Signup_Login_Logout\\20190306_145252\\1551864188142.png, C:\\Users\\Administrator\\Katalon Studio\\RealApp\\Reports\\Signup_Login_Logout\\20190306_145252\\1551864188478.png"/>
         <property name="hostName" value="Administrator - Asha.jmangroup.com"/>
         <property name="os" value="Windows 10 32bit"/>
         <property name="katalonVersion" value="6.0.5.4"/>
         <property name="browser" value="Chrome 72.0.3626.119"/>
         <property name="hostAddress" value="192.168.0.32"/>
         <property name="sessionId" value="f2007cbc7d6e27678cbb06bcb18eecda"/>
         <property name="seleniumVersion" value="3.7.1"/>
         <property name="proxyInformation" value="ProxyInformation{proxyOption=NO_PROXY, proxyServerType=HTTP, password=, proxyServerAddress=, proxyServerPort=0}"/>
         <property name="platform" value="Windows 10"/>
      </properties>
      <testcase name="Test Cases/LaunchApp" classname="Test Cases/LaunchApp" status="PASSED">
         <system-out><![CDATA[2019-03-06 14:52:55 - [TEST_CASE][PASSED] - Test Cases/LaunchApp: Test Cases/LaunchApp

2019-03-06 14:52:55 - [TEST_STEP][PASSED] - openBrowser(""): Browser is opened with url: ''

2019-03-06 14:52:56 - [MESSAGE][INFO] - Starting 'Chrome' driver

2019-03-06 14:52:56 - [MESSAGE][INFO] - Action delay is set to 0 seconds

2019-03-06 14:53:00 - [MESSAGE][PASSED] - Browser is opened with url: ''

2019-03-06 14:53:00 - [TEST_STEP][PASSED] - navigateToUrl("http://192.168.0.171:4000/login"): Navigate to 'http://192.168.0.171:4000/login' successfully

2019-03-06 14:53:01 - [MESSAGE][PASSED] - Navigate to 'http://192.168.0.171:4000/login' successfully

2019-03-06 14:53:01 - [TEST_STEP][PASSED] - maximizeWindow(): Current window maximized

2019-03-06 14:53:02 - [MESSAGE][PASSED] - Current window maximized]]></system-out>
         <system-err><![CDATA[]]></system-err>
      </testcase>
      <testcase name="Test Cases/Signup" classname="Test Cases/Signup" status="FAILED">
         <failure type="FAILED" message="Test Cases/Signup FAILED.
Reason:
com.kms.katalon.core.exception.StepFailedException: Verify element text of test object 'Object Repository/Page_login React App/Page_signup React App/div_Signup Successfully Done' FAILED.
	at com.kms.katalon.core.keyword.internal.KeywordMain.stepFailed(KeywordMain.groovy:48)
	at com.kms.katalon.core.webui.keyword.internal.WebUIKeywordMain.stepFailed(WebUIKeywordMain.groovy:65)
	at com.kms.katalon.core.webui.keyword.internal.WebUIKeywordMain.runKeyword(WebUIKeywordMain.groovy:27)
	at com.kms.katalon.core.webui.keyword.builtin.VerifyElementTextKeyword.verifyElementText(VerifyElementTextKeyword.groovy:72)
	at com.kms.katalon.core.webui.keyword.builtin.VerifyElementTextKeyword.execute(VerifyElementTextKeyword.groovy:40)
	at com.kms.katalon.core.keyword.internal.KeywordExecutor.executeKeywordForPlatform(KeywordExecutor.groovy:56)
	at com.kms.katalon.core.webui.keyword.WebUiBuiltInKeywords.verifyElementText(WebUiBuiltInKeywords.groovy:3663)
	at com.kms.katalon.core.webui.keyword.WebUiBuiltInKeywords$verifyElementText$5.call(Unknown Source)
	at Signup.run(Signup:38)
	at com.kms.katalon.core.main.ScriptEngine.run(ScriptEngine.java:194)
	at com.kms.katalon.core.main.ScriptEngine.runScriptAsRawText(ScriptEngine.java:119)
	at com.kms.katalon.core.main.TestCaseExecutor.runScript(TestCaseExecutor.java:331)
	at com.kms.katalon.core.main.TestCaseExecutor.doExecute(TestCaseExecutor.java:322)
	at com.kms.katalon.core.main.TestCaseExecutor.processExecutionPhase(TestCaseExecutor.java:301)
	at com.kms.katalon.core.main.TestCaseExecutor.accessMainPhase(TestCaseExecutor.java:293)
	at com.kms.katalon.core.main.TestCaseExecutor.execute(TestCaseExecutor.java:227)
	at com.kms.katalon.core.main.TestSuiteExecutor.accessTestCaseMainPhase(TestSuiteExecutor.java:129)
	at com.kms.katalon.core.main.TestSuiteExecutor.accessTestSuiteMainPhase(TestSuiteExecutor.java:112)
	at com.kms.katalon.core.main.TestSuiteExecutor.execute(TestSuiteExecutor.java:81)
	at com.kms.katalon.core.main.TestCaseMain.startTestSuite(TestCaseMain.java:157)
	at com.kms.katalon.core.main.TestCaseMain$startTestSuite$0.call(Unknown Source)
	at TempTestSuite1551864172516.run(TempTestSuite1551864172516.groovy:35)
"/>
         <system-out><![CDATA[2019-03-06 14:53:05 - [TEST_CASE][FAILED] - Test Cases/Signup: Test Cases/Signup FAILED.
Reason:
com.kms.katalon.core.exception.StepFailedException: Verify element text of test object 'Object Repository/Page_login React App/Page_signup React App/div_Signup Successfully Done' FAILED.
	at com.kms.katalon.core.keyword.internal.KeywordMain.stepFailed(KeywordMain.groovy:48)
	at com.kms.katalon.core.webui.keyword.internal.WebUIKeywordMain.stepFailed(WebUIKeywordMain.groovy:65)
	at com.kms.katalon.core.webui.keyword.internal.WebUIKeywordMain.runKeyword(WebUIKeywordMain.groovy:27)
	at com.kms.katalon.core.webui.keyword.builtin.VerifyElementTextKeyword.verifyElementText(VerifyElementTextKeyword.groovy:72)
	at com.kms.katalon.core.webui.keyword.builtin.VerifyElementTextKeyword.execute(VerifyElementTextKeyword.groovy:40)
	at com.kms.katalon.core.keyword.internal.KeywordExecutor.executeKeywordForPlatform(KeywordExecutor.groovy:56)
	at com.kms.katalon.core.webui.keyword.WebUiBuiltInKeywords.verifyElementText(WebUiBuiltInKeywords.groovy:3663)
	at com.kms.katalon.core.webui.keyword.WebUiBuiltInKeywords$verifyElementText$5.call(Unknown Source)
	at Signup.run(Signup:38)
	at com.kms.katalon.core.main.ScriptEngine.run(ScriptEngine.java:194)
	at com.kms.katalon.core.main.ScriptEngine.runScriptAsRawText(ScriptEngine.java:119)
	at com.kms.katalon.core.main.TestCaseExecutor.runScript(TestCaseExecutor.java:331)
	at com.kms.katalon.core.main.TestCaseExecutor.doExecute(TestCaseExecutor.java:322)
	at com.kms.katalon.core.main.TestCaseExecutor.processExecutionPhase(TestCaseExecutor.java:301)
	at com.kms.katalon.core.main.TestCaseExecutor.accessMainPhase(TestCaseExecutor.java:293)
	at com.kms.katalon.core.main.TestCaseExecutor.execute(TestCaseExecutor.java:227)
	at com.kms.katalon.core.main.TestSuiteExecutor.accessTestCaseMainPhase(TestSuiteExecutor.java:129)
	at com.kms.katalon.core.main.TestSuiteExecutor.accessTestSuiteMainPhase(TestSuiteExecutor.java:112)
	at com.kms.katalon.core.main.TestSuiteExecutor.execute(TestSuiteExecutor.java:81)
	at com.kms.katalon.core.main.TestCaseMain.startTestSuite(TestCaseMain.java:157)
	at com.kms.katalon.core.main.TestCaseMain$startTestSuite$0.call(Unknown Source)
	at TempTestSuite1551864172516.run(TempTestSuite1551864172516.groovy:35)


2019-03-06 14:53:05 - [TEST_STEP][PASSED] - click(findTestObject("Page_login React App/Page_signup React App/button_Signup")): Object: 'Object Repository/Page_login React App/Page_signup React App/button_Signup' is clicked on

2019-03-06 14:53:05 - [MESSAGE][PASSED] - Object: 'Object Repository/Page_login React App/Page_signup React App/button_Signup' is clicked on

2019-03-06 14:53:05 - [TEST_STEP][PASSED] - setText(findTestObject("Page_login React App/Page_signup React App/input__form-control"), "Asha"): Text 'Asha' is set on object 'Object Repository/Page_login React App/Page_signup React App/input__form-control'

2019-03-06 14:53:06 - [MESSAGE][PASSED] - Text 'Asha' is set on object 'Object Repository/Page_login React App/Page_signup React App/input__form-control'

2019-03-06 14:53:06 - [TEST_STEP][PASSED] - setText(findTestObject("Page_login React App/Page_signup React App/input__form-control_1"), "Rajendran"): Text 'Rajendran' is set on object 'Object Repository/Page_login React App/Page_signup React App/input__form-control_1'

2019-03-06 14:53:06 - [MESSAGE][PASSED] - Text 'Rajendran' is set on object 'Object Repository/Page_login React App/Page_signup React App/input__form-control_1'

2019-03-06 14:53:06 - [TEST_STEP][PASSED] - setText(findTestObject("Page_login React App/Page_signup React App/input__form-control_11"), "asharajendran6@gmail.com"): Text 'asharajendran6@gmail.com' is set on object 'Object Repository/Page_login React App/Page_signup React App/input__form-control_11'

2019-03-06 14:53:07 - [MESSAGE][PASSED] - Text 'asharajendran6@gmail.com' is set on object 'Object Repository/Page_login React App/Page_signup React App/input__form-control_11'

2019-03-06 14:53:07 - [TEST_STEP][PASSED] - setEncryptedText(findTestObject("Page_login React App/Page_signup React App/input__form-control_14"), "Qs8BrKvHtI8="): Text ****** has been set on object 'Object Repository/Page_login React App/Page_signup React App/input__form-control_14'

2019-03-06 14:53:07 - [MESSAGE][PASSED] - Text ****** has been set on object 'Object Repository/Page_login React App/Page_signup React App/input__form-control_14'

2019-03-06 14:53:07 - [TEST_STEP][PASSED] - setText(findTestObject("Page_login React App/Page_signup React App/input__form-control_16"), "08123258014"): Text '08123258014' is set on object 'Object Repository/Page_login React App/Page_signup React App/input__form-control_16'

2019-03-06 14:53:07 - [MESSAGE][PASSED] - Text '08123258014' is set on object 'Object Repository/Page_login React App/Page_signup React App/input__form-control_16'

2019-03-06 14:53:07 - [TEST_STEP][PASSED] - click(findTestObject("Page_login React App/Page_signup React App/button_Submit")): Object: 'Object Repository/Page_login React App/Page_signup React App/button_Submit' is clicked on

2019-03-06 14:53:07 - [MESSAGE][PASSED] - Object: 'Object Repository/Page_login React App/Page_signup React App/button_Submit' is clicked on

2019-03-06 14:53:07 - [TEST_STEP][FAILED] - verifyElementText(findTestObject("Page_login React App/Page_signup React App/div_Signup Successfully Done"), "Signup Successfully Done"): verifyElementText(findTestObject("Page_login React App/Page_signup React App/div_Signup Successfully Done"), "Signup Successfully Done") FAILED.
Reason:
com.kms.katalon.core.exception.StepFailedException: Verify element text of test object 'Object Repository/Page_login React App/Page_signup React App/div_Signup Successfully Done' FAILED.
	at com.kms.katalon.core.keyword.internal.KeywordMain.stepFailed(KeywordMain.groovy:48)
	at com.kms.katalon.core.webui.keyword.internal.WebUIKeywordMain.stepFailed(WebUIKeywordMain.groovy:65)
	at com.kms.katalon.core.webui.keyword.internal.WebUIKeywordMain.runKeyword(WebUIKeywordMain.groovy:27)
	at com.kms.katalon.core.webui.keyword.builtin.VerifyElementTextKeyword.verifyElementText(VerifyElementTextKeyword.groovy:72)
	at com.kms.katalon.core.webui.keyword.builtin.VerifyElementTextKeyword.execute(VerifyElementTextKeyword.groovy:40)
	at com.kms.katalon.core.keyword.internal.KeywordExecutor.executeKeywordForPlatform(KeywordExecutor.groovy:56)
	at com.kms.katalon.core.webui.keyword.WebUiBuiltInKeywords.verifyElementText(WebUiBuiltInKeywords.groovy:3663)
	at com.kms.katalon.core.webui.keyword.WebUiBuiltInKeywords$verifyElementText$5.call(Unknown Source)
	at Signup.run(Signup:38)
	at com.kms.katalon.core.main.ScriptEngine.run(ScriptEngine.java:194)
	at com.kms.katalon.core.main.ScriptEngine.runScriptAsRawText(ScriptEngine.java:119)
	at com.kms.katalon.core.main.TestCaseExecutor.runScript(TestCaseExecutor.java:331)
	at com.kms.katalon.core.main.TestCaseExecutor.doExecute(TestCaseExecutor.java:322)
	at com.kms.katalon.core.main.TestCaseExecutor.processExecutionPhase(TestCaseExecutor.java:301)
	at com.kms.katalon.core.main.TestCaseExecutor.accessMainPhase(TestCaseExecutor.java:293)
	at com.kms.katalon.core.main.TestCaseExecutor.execute(TestCaseExecutor.java:227)
	at com.kms.katalon.core.main.TestSuiteExecutor.accessTestCaseMainPhase(TestSuiteExecutor.java:129)
	at com.kms.katalon.core.main.TestSuiteExecutor.accessTestSuiteMainPhase(TestSuiteExecutor.java:112)
	at com.kms.katalon.core.main.TestSuiteExecutor.execute(TestSuiteExecutor.java:81)
	at com.kms.katalon.core.main.TestCaseMain.startTestSuite(TestCaseMain.java:157)
	at com.kms.katalon.core.main.TestCaseMain$startTestSuite$0.call(Unknown Source)
	at TempTestSuite1551864172516.run(TempTestSuite1551864172516.groovy:35)


2019-03-06 14:53:08 - [MESSAGE][FAILED] - Actual text 'Ã—
Signup Successfully Done' and expected text 'Signup Successfully Done' of test object 'Object Repository/Page_login React App/Page_signup React App/div_Signup Successfully Done' are NOT matched.
[[ATTACHMENT|C:\\Users\\Administrator\\Katalon Studio\\RealApp\\Reports\\Signup_Login_Logout\\20190306_145252\\1551864188142.png]]

2019-03-06 14:53:08 - [MESSAGE][FAILED] - Verify element text of test object 'Object Repository/Page_login React App/Page_signup React App/div_Signup Successfully Done' FAILED.
[[ATTACHMENT|C:\\Users\\Administrator\\Katalon Studio\\RealApp\\Reports\\Signup_Login_Logout\\20190306_145252\\1551864188478.png]]

2019-03-06 14:53:08 - [MESSAGE][FAILED] - verifyElementText(findTestObject("Page_login React App/Page_signup React App/div_Signup Successfully Done"), "Signup Successfully Done") FAILED.
Reason:
com.kms.katalon.core.exception.StepFailedException: Verify element text of test object 'Object Repository/Page_login React App/Page_signup React App/div_Signup Successfully Done' FAILED.
	at com.kms.katalon.core.keyword.internal.KeywordMain.stepFailed(KeywordMain.groovy:48)
	at com.kms.katalon.core.webui.keyword.internal.WebUIKeywordMain.stepFailed(WebUIKeywordMain.groovy:65)
	at com.kms.katalon.core.webui.keyword.internal.WebUIKeywordMain.runKeyword(WebUIKeywordMain.groovy:27)
	at com.kms.katalon.core.webui.keyword.builtin.VerifyElementTextKeyword.verifyElementText(VerifyElementTextKeyword.groovy:72)
	at com.kms.katalon.core.webui.keyword.builtin.VerifyElementTextKeyword.execute(VerifyElementTextKeyword.groovy:40)
	at com.kms.katalon.core.keyword.internal.KeywordExecutor.executeKeywordForPlatform(KeywordExecutor.groovy:56)
	at com.kms.katalon.core.webui.keyword.WebUiBuiltInKeywords.verifyElementText(WebUiBuiltInKeywords.groovy:3663)
	at com.kms.katalon.core.webui.keyword.WebUiBuiltInKeywords$verifyElementText$5.call(Unknown Source)
	at Signup.run(Signup:38)
	at com.kms.katalon.core.main.ScriptEngine.run(ScriptEngine.java:194)
	at com.kms.katalon.core.main.ScriptEngine.runScriptAsRawText(ScriptEngine.java:119)
	at com.kms.katalon.core.main.TestCaseExecutor.runScript(TestCaseExecutor.java:331)
	at com.kms.katalon.core.main.TestCaseExecutor.doExecute(TestCaseExecutor.java:322)
	at com.kms.katalon.core.main.TestCaseExecutor.processExecutionPhase(TestCaseExecutor.java:301)
	at com.kms.katalon.core.main.TestCaseExecutor.accessMainPhase(TestCaseExecutor.java:293)
	at com.kms.katalon.core.main.TestCaseExecutor.execute(TestCaseExecutor.java:227)
	at com.kms.katalon.core.main.TestSuiteExecutor.accessTestCaseMainPhase(TestSuiteExecutor.java:129)
	at com.kms.katalon.core.main.TestSuiteExecutor.accessTestSuiteMainPhase(TestSuiteExecutor.java:112)
	at com.kms.katalon.core.main.TestSuiteExecutor.execute(TestSuiteExecutor.java:81)
	at com.kms.katalon.core.main.TestCaseMain.startTestSuite(TestCaseMain.java:157)
	at com.kms.katalon.core.main.TestCaseMain$startTestSuite$0.call(Unknown Source)
	at TempTestSuite1551864172516.run(TempTestSuite1551864172516.groovy:35)]]></system-out>
         <system-err><![CDATA[2019-03-06 14:53:05 - [TEST_CASE][FAILED] - Test Cases/Signup: Test Cases/Signup FAILED.
Reason:
com.kms.katalon.core.exception.StepFailedException: Verify element text of test object 'Object Repository/Page_login React App/Page_signup React App/div_Signup Successfully Done' FAILED.
	at com.kms.katalon.core.keyword.internal.KeywordMain.stepFailed(KeywordMain.groovy:48)
	at com.kms.katalon.core.webui.keyword.internal.WebUIKeywordMain.stepFailed(WebUIKeywordMain.groovy:65)
	at com.kms.katalon.core.webui.keyword.internal.WebUIKeywordMain.runKeyword(WebUIKeywordMain.groovy:27)
	at com.kms.katalon.core.webui.keyword.builtin.VerifyElementTextKeyword.verifyElementText(VerifyElementTextKeyword.groovy:72)
	at com.kms.katalon.core.webui.keyword.builtin.VerifyElementTextKeyword.execute(VerifyElementTextKeyword.groovy:40)
	at com.kms.katalon.core.keyword.internal.KeywordExecutor.executeKeywordForPlatform(KeywordExecutor.groovy:56)
	at com.kms.katalon.core.webui.keyword.WebUiBuiltInKeywords.verifyElementText(WebUiBuiltInKeywords.groovy:3663)
	at com.kms.katalon.core.webui.keyword.WebUiBuiltInKeywords$verifyElementText$5.call(Unknown Source)
	at Signup.run(Signup:38)
	at com.kms.katalon.core.main.ScriptEngine.run(ScriptEngine.java:194)
	at com.kms.katalon.core.main.ScriptEngine.runScriptAsRawText(ScriptEngine.java:119)
	at com.kms.katalon.core.main.TestCaseExecutor.runScript(TestCaseExecutor.java:331)
	at com.kms.katalon.core.main.TestCaseExecutor.doExecute(TestCaseExecutor.java:322)
	at com.kms.katalon.core.main.TestCaseExecutor.processExecutionPhase(TestCaseExecutor.java:301)
	at com.kms.katalon.core.main.TestCaseExecutor.accessMainPhase(TestCaseExecutor.java:293)
	at com.kms.katalon.core.main.TestCaseExecutor.execute(TestCaseExecutor.java:227)
	at com.kms.katalon.core.main.TestSuiteExecutor.accessTestCaseMainPhase(TestSuiteExecutor.java:129)
	at com.kms.katalon.core.main.TestSuiteExecutor.accessTestSuiteMainPhase(TestSuiteExecutor.java:112)
	at com.kms.katalon.core.main.TestSuiteExecutor.execute(TestSuiteExecutor.java:81)
	at com.kms.katalon.core.main.TestCaseMain.startTestSuite(TestCaseMain.java:157)
	at com.kms.katalon.core.main.TestCaseMain$startTestSuite$0.call(Unknown Source)
	at TempTestSuite1551864172516.run(TempTestSuite1551864172516.groovy:35)]]></system-err>
      </testcase>
      <testcase name="Test Cases/Login" classname="Test Cases/Login" status="PASSED">
         <system-out><![CDATA[2019-03-06 14:53:10 - [TEST_CASE][PASSED] - Test Cases/Login: Test Cases/Login

2019-03-06 14:53:11 - [TEST_STEP][PASSED] - setText(findTestObject("Page_login React App/input_Submit_form-control"), "asharajendran89@gmail.com"): Text 'asharajendran89@gmail.com' is set on object 'Object Repository/Page_login React App/input_Submit_form-control'

2019-03-06 14:53:11 - [MESSAGE][PASSED] - Text 'asharajendran89@gmail.com' is set on object 'Object Repository/Page_login React App/input_Submit_form-control'

2019-03-06 14:53:11 - [TEST_STEP][PASSED] - setEncryptedText(findTestObject("Page_login React App/input_Submit_form-control_1"), "Qs8BrKvHtI8="): Text ****** has been set on object 'Object Repository/Page_login React App/input_Submit_form-control_1'

2019-03-06 14:53:12 - [MESSAGE][PASSED] - Text ****** has been set on object 'Object Repository/Page_login React App/input_Submit_form-control_1'

2019-03-06 14:53:12 - [TEST_STEP][PASSED] - click(findTestObject("Page_login React App/button_Submit")): Object: 'Object Repository/Page_login React App/button_Submit' is clicked on

2019-03-06 14:53:12 - [MESSAGE][PASSED] - Object: 'Object Repository/Page_login React App/button_Submit' is clicked on

2019-03-06 14:53:12 - [TEST_STEP][PASSED] - verifyElementPresent(findTestObject("Page_login React App/label_Profile name"), 30, STOP_ON_FAILURE): Object 'Object Repository/Page_login React App/label_Profile name' is present

2019-03-06 14:53:12 - [MESSAGE][PASSED] - Object 'Object Repository/Page_login React App/label_Profile name' is present]]></system-out>
         <system-err><![CDATA[]]></system-err>
      </testcase>
      <testcase name="Test Cases/Logout" classname="Test Cases/Logout" status="PASSED">
         <system-out><![CDATA[2019-03-06 14:53:14 - [TEST_CASE][PASSED] - Test Cases/Logout: Test Cases/Logout

2019-03-06 14:53:15 - [TEST_STEP][PASSED] - click(findTestObject("Page_login React App/button_Logout")): Object: 'Object Repository/Page_login React App/button_Logout' is clicked on

2019-03-06 14:53:15 - [MESSAGE][PASSED] - Object: 'Object Repository/Page_login React App/button_Logout' is clicked on

2019-03-06 14:53:15 - [TEST_STEP][PASSED] - closeBrowser(): Browser is closed

2019-03-06 14:53:15 - [MESSAGE][PASSED] - Browser is closed]]></system-out>
         <system-err><![CDATA[]]></system-err>
      </testcase>
      <system-out><![CDATA[2019-03-06 14:52:54 - [TEST_SUITE][FAILED] - Signup_Login_Logout: Test Cases/Signup FAILED.
Reason:
com.kms.katalon.core.exception.StepFailedException: Verify element text of test object 'Object Repository/Page_login React App/Page_signup React App/div_Signup Successfully Done' FAILED.
	at com.kms.katalon.core.keyword.internal.KeywordMain.stepFailed(KeywordMain.groovy:48)
	at com.kms.katalon.core.webui.keyword.internal.WebUIKeywordMain.stepFailed(WebUIKeywordMain.groovy:65)
	at com.kms.katalon.core.webui.keyword.internal.WebUIKeywordMain.runKeyword(WebUIKeywordMain.groovy:27)
	at com.kms.katalon.core.webui.keyword.builtin.VerifyElementTextKeyword.verifyElementText(VerifyElementTextKeyword.groovy:72)
	at com.kms.katalon.core.webui.keyword.builtin.VerifyElementTextKeyword.execute(VerifyElementTextKeyword.groovy:40)
	at com.kms.katalon.core.keyword.internal.KeywordExecutor.executeKeywordForPlatform(KeywordExecutor.groovy:56)
	at com.kms.katalon.core.webui.keyword.WebUiBuiltInKeywords.verifyElementText(WebUiBuiltInKeywords.groovy:3663)
	at com.kms.katalon.core.webui.keyword.WebUiBuiltInKeywords$verifyElementText$5.call(Unknown Source)
	at Signup.run(Signup:38)
	at com.kms.katalon.core.main.ScriptEngine.run(ScriptEngine.java:194)
	at com.kms.katalon.core.main.ScriptEngine.runScriptAsRawText(ScriptEngine.java:119)
	at com.kms.katalon.core.main.TestCaseExecutor.runScript(TestCaseExecutor.java:331)
	at com.kms.katalon.core.main.TestCaseExecutor.doExecute(TestCaseExecutor.java:322)
	at com.kms.katalon.core.main.TestCaseExecutor.processExecutionPhase(TestCaseExecutor.java:301)
	at com.kms.katalon.core.main.TestCaseExecutor.accessMainPhase(TestCaseExecutor.java:293)
	at com.kms.katalon.core.main.TestCaseExecutor.execute(TestCaseExecutor.java:227)
	at com.kms.katalon.core.main.TestSuiteExecutor.accessTestCaseMainPhase(TestSuiteExecutor.java:129)
	at com.kms.katalon.core.main.TestSuiteExecutor.accessTestSuiteMainPhase(TestSuiteExecutor.java:112)
	at com.kms.katalon.core.main.TestSuiteExecutor.execute(TestSuiteExecutor.java:81)
	at com.kms.katalon.core.main.TestCaseMain.startTestSuite(TestCaseMain.java:157)
	at com.kms.katalon.core.main.TestCaseMain$startTestSuite$0.call(Unknown Source)
	at TempTestSuite1551864172516.run(TempTestSuite1551864172516.groovy:35)]]></system-out>
      <system-err><![CDATA[2019-03-06 14:52:54 - [TEST_SUITE][FAILED] - Signup_Login_Logout: Test Cases/Signup FAILED.
Reason:
com.kms.katalon.core.exception.StepFailedException: Verify element text of test object 'Object Repository/Page_login React App/Page_signup React App/div_Signup Successfully Done' FAILED.
	at com.kms.katalon.core.keyword.internal.KeywordMain.stepFailed(KeywordMain.groovy:48)
	at com.kms.katalon.core.webui.keyword.internal.WebUIKeywordMain.stepFailed(WebUIKeywordMain.groovy:65)
	at com.kms.katalon.core.webui.keyword.internal.WebUIKeywordMain.runKeyword(WebUIKeywordMain.groovy:27)
	at com.kms.katalon.core.webui.keyword.builtin.VerifyElementTextKeyword.verifyElementText(VerifyElementTextKeyword.groovy:72)
	at com.kms.katalon.core.webui.keyword.builtin.VerifyElementTextKeyword.execute(VerifyElementTextKeyword.groovy:40)
	at com.kms.katalon.core.keyword.internal.KeywordExecutor.executeKeywordForPlatform(KeywordExecutor.groovy:56)
	at com.kms.katalon.core.webui.keyword.WebUiBuiltInKeywords.verifyElementText(WebUiBuiltInKeywords.groovy:3663)
	at com.kms.katalon.core.webui.keyword.WebUiBuiltInKeywords$verifyElementText$5.call(Unknown Source)
	at Signup.run(Signup:38)
	at com.kms.katalon.core.main.ScriptEngine.run(ScriptEngine.java:194)
	at com.kms.katalon.core.main.ScriptEngine.runScriptAsRawText(ScriptEngine.java:119)
	at com.kms.katalon.core.main.TestCaseExecutor.runScript(TestCaseExecutor.java:331)
	at com.kms.katalon.core.main.TestCaseExecutor.doExecute(TestCaseExecutor.java:322)
	at com.kms.katalon.core.main.TestCaseExecutor.processExecutionPhase(TestCaseExecutor.java:301)
	at com.kms.katalon.core.main.TestCaseExecutor.accessMainPhase(TestCaseExecutor.java:293)
	at com.kms.katalon.core.main.TestCaseExecutor.execute(TestCaseExecutor.java:227)
	at com.kms.katalon.core.main.TestSuiteExecutor.accessTestCaseMainPhase(TestSuiteExecutor.java:129)
	at com.kms.katalon.core.main.TestSuiteExecutor.accessTestSuiteMainPhase(TestSuiteExecutor.java:112)
	at com.kms.katalon.core.main.TestSuiteExecutor.execute(TestSuiteExecutor.java:81)
	at com.kms.katalon.core.main.TestCaseMain.startTestSuite(TestCaseMain.java:157)
	at com.kms.katalon.core.main.TestCaseMain$startTestSuite$0.call(Unknown Source)
	at TempTestSuite1551864172516.run(TempTestSuite1551864172516.groovy:35)]]></system-err>
   </testsuite>
</testsuites>
